<?xml version="1.0" encoding="UTF-8"?>
<testng-results ignored="0" total="1" passed="1" failed="0" skipped="0">
  <reporter-output>
  </reporter-output>
  <suite started-at="2023-06-17T21:46:41 IST" name="Suite" finished-at="2023-06-17T21:47:00 IST" duration-ms="19618">
    <groups>
    </groups>
    <test started-at="2023-06-17T21:46:41 IST" name="TestLocal" finished-at="2023-06-17T21:47:00 IST" duration-ms="19618">
      <class name="test.ValidLogin">
        <test-method is-config="true" signature="initReport()[pri:0, instance:test.ValidLogin@6b81ce95]" started-at="2023-06-17T21:46:40 IST" name="initReport" finished-at="2023-06-17T21:46:41 IST" duration-ms="462" status="PASS">
          <reporter-output>
          </reporter-output>
        </test-method> <!-- initReport -->
        <test-method is-config="true" signature="openApplication(java.lang.String,java.lang.reflect.Method)[pri:0, instance:test.ValidLogin@6b81ce95]" started-at="2023-06-17T21:46:41 IST" name="openApplication" finished-at="2023-06-17T21:46:55 IST" duration-ms="14070" status="PASS">
          <params>
            <param index="0">
              <value>
                <![CDATA[config.properties]]>
              </value>
            </param>
            <param index="1">
              <value>
                <![CDATA[public void test.ValidLogin.testValidLogin()]]>
              </value>
            </param>
          </params>
          <reporter-output>
          </reporter-output>
        </test-method> <!-- openApplication -->
        <test-method signature="testValidLogin()[pri:0, instance:test.ValidLogin@6b81ce95]" started-at="2023-06-17T21:46:55 IST" name="testValidLogin" finished-at="2023-06-17T21:47:00 IST" duration-ms="4943" status="PASS">
          <reporter-output>
          </reporter-output>
        </test-method> <!-- testValidLogin -->
        <test-method is-config="true" signature="closeApplication(org.testng.ITestResult)[pri:0, instance:test.ValidLogin@6b81ce95]" started-at="2023-06-17T21:47:00 IST" name="closeApplication" finished-at="2023-06-17T21:47:00 IST" duration-ms="519" status="PASS">
          <params>
            <param index="0">
              <value>
                <![CDATA[[TestResult name=testValidLogin status=SUCCESS method=ValidLogin.testValidLogin()[pri:0, instance:test.ValidLogin@6b81ce95] output={null}]]]>
              </value>
            </param>
          </params>
          <reporter-output>
          </reporter-output>
        </test-method> <!-- closeApplication -->
        <test-method is-config="true" signature="publishReport()[pri:0, instance:test.ValidLogin@6b81ce95]" started-at="2023-06-17T21:47:00 IST" name="publishReport" finished-at="2023-06-17T21:47:01 IST" duration-ms="395" status="PASS">
          <reporter-output>
          </reporter-output>
        </test-method> <!-- publishReport -->
      </class> <!-- test.ValidLogin -->
    </test> <!-- TestLocal -->
  </suite> <!-- Suite -->
</testng-results>
